<?xml version="1.0" encoding="UTF-8"?>
<!-- Generated by org.testng.reporters.JUnitXMLReporter -->
<testsuite ignored="1" hostname="LAPTOP-S0EPAC2L" failures="0" tests="1" name="Default test" time="0.1" errors="0" timestamp="2023-09-30T11:57:31 IST">
  <testcase classname="otherprogram.Program2" name="PlacementLogin" time="0.013"/>
  <testcase classname="otherprogram.Program2" name="PlacementBrokenLinks" time="0.0">
    <ignored/>
  </testcase> <!-- PlacementBrokenLinks -->
</testsuite> <!-- Default test -->
