<?xml version="1.0" encoding="UTF-8"?>
<!-- Generated by org.testng.reporters.JUnitXMLReporter -->
<testsuite ignored="3" hostname="LAPTOP-S0EPAC2L" failures="0" tests="3" name="Test" time="0.274" errors="0" timestamp="2023-10-01T08:29:33 IST">
  <testcase classname="otherprogram.Program1" name="AdmissionLogin" time="0.032"/>
  <testcase classname="otherprogram.Program2" name="PlacementLogin" time="0.01"/>
  <testcase classname="otherprogram.Program3" name="FacultyLogin" time="0.004"/>
  <testcase classname="otherprogram.Program1" name="AdmissionBrokenLinkks" time="0.0">
    <ignored/>
  </testcase> <!-- AdmissionBrokenLinkks -->
  <testcase classname="otherprogram.Program3" name="FacultyBrokenLinks" time="0.0">
    <ignored/>
  </testcase> <!-- FacultyBrokenLinks -->
  <testcase classname="otherprogram.Program2" name="PlacementBrokenLinks" time="0.0">
    <ignored/>
  </testcase> <!-- PlacementBrokenLinks -->
</testsuite> <!-- Test -->
