<?xml version="1.0" encoding="UTF-8"?>
<testng-results ignored="0" total="3" passed="3" failed="0" skipped="0">
  <reporter-output>
  </reporter-output>
  <suite started-at="2023-10-01T08:29:33 IST" name="Suite" finished-at="2023-10-01T08:29:33 IST" duration-ms="274">
    <groups>
      <group name="login">
        <method signature="Program1.AdmissionLogin()[pri:0, instance:otherprogram.Program1@7b2bbc3]" name="AdmissionLogin" class="otherprogram.Program1"/>
        <method signature="Program2.PlacementLogin()[pri:0, instance:otherprogram.Program2@14cd1699]" name="PlacementLogin" class="otherprogram.Program2"/>
        <method signature="Program3.FacultyLogin()[pri:0, instance:otherprogram.Program3@77888435]" name="FacultyLogin" class="otherprogram.Program3"/>
      </group> <!-- login -->
    </groups>
    <test started-at="2023-10-01T08:29:33 IST" name="Test" finished-at="2023-10-01T08:29:33 IST" duration-ms="274">
      <class name="otherprogram.Program2">
        <test-method signature="PlacementLogin()[pri:0, instance:otherprogram.Program2@14cd1699]" started-at="2023-10-01T08:29:33 IST" name="PlacementLogin" finished-at="2023-10-01T08:29:33 IST" duration-ms="10" status="PASS">
          <reporter-output>
          </reporter-output>
        </test-method> <!-- PlacementLogin -->
      </class> <!-- otherprogram.Program2 -->
      <class name="otherprogram.Program3">
        <test-method signature="FacultyLogin()[pri:0, instance:otherprogram.Program3@77888435]" started-at="2023-10-01T08:29:33 IST" name="FacultyLogin" finished-at="2023-10-01T08:29:33 IST" duration-ms="4" status="PASS">
          <reporter-output>
          </reporter-output>
        </test-method> <!-- FacultyLogin -->
      </class> <!-- otherprogram.Program3 -->
      <class name="otherprogram.Program1">
        <test-method signature="AdmissionLogin()[pri:0, instance:otherprogram.Program1@7b2bbc3]" started-at="2023-10-01T08:29:33 IST" name="AdmissionLogin" finished-at="2023-10-01T08:29:33 IST" duration-ms="32" status="PASS">
          <reporter-output>
          </reporter-output>
        </test-method> <!-- AdmissionLogin -->
      </class> <!-- otherprogram.Program1 -->
    </test> <!-- Test -->
  </suite> <!-- Suite -->
</testng-results>
